mode: set
monera-digital/internal/services/address.go:17.65,19.2 1 0
monera-digital/internal/services/address.go:21.109,23.2 1 0
monera-digital/internal/services/address.go:25.135,44.16 3 0
monera-digital/internal/services/address.go:44.16,45.41 1 0
monera-digital/internal/services/address.go:45.41,47.4 1 0
monera-digital/internal/services/address.go:48.3,48.18 1 0
monera-digital/internal/services/address.go:51.2,51.25 1 0
monera-digital/internal/services/address.go:54.109,56.16 2 0
monera-digital/internal/services/address.go:56.16,58.3 1 0
monera-digital/internal/services/address.go:59.2,59.27 1 0
monera-digital/internal/services/address.go:59.27,61.3 1 0
monera-digital/internal/services/address.go:63.2,68.40 5 0
monera-digital/internal/services/address.go:71.94,73.16 2 0
monera-digital/internal/services/address.go:73.16,75.3 1 0
monera-digital/internal/services/address.go:76.2,76.27 1 0
monera-digital/internal/services/address.go:76.27,78.3 1 0
monera-digital/internal/services/address.go:80.2,80.45 1 0
monera-digital/internal/services/auth.go:28.64,33.2 1 1
monera-digital/internal/services/auth.go:36.72,38.2 1 0
monera-digital/internal/services/auth.go:41.67,43.2 1 1
monera-digital/internal/services/auth.go:59.82,63.16 3 1
monera-digital/internal/services/auth.go:63.16,65.3 1 1
monera-digital/internal/services/auth.go:66.2,66.12 1 1
monera-digital/internal/services/auth.go:66.12,68.3 1 1
monera-digital/internal/services/auth.go:71.2,72.16 2 1
monera-digital/internal/services/auth.go:72.16,74.3 1 0
monera-digital/internal/services/auth.go:77.2,86.16 4 1
monera-digital/internal/services/auth.go:86.16,88.3 1 0
monera-digital/internal/services/auth.go:91.2,93.19 2 1
monera-digital/internal/services/auth.go:97.83,112.16 3 1
monera-digital/internal/services/auth.go:112.16,114.3 1 0
monera-digital/internal/services/auth.go:116.2,120.16 4 1
monera-digital/internal/services/auth.go:120.16,122.3 1 1
monera-digital/internal/services/auth.go:123.2,125.43 2 0
monera-digital/internal/services/auth.go:125.43,127.3 1 0
monera-digital/internal/services/auth.go:129.2,136.69 2 0
monera-digital/internal/services/auth.go:136.69,138.3 1 0
monera-digital/internal/services/auth.go:140.2,140.37 1 0
monera-digital/internal/services/auth.go:145.78,152.26 5 1
monera-digital/internal/services/auth.go:152.26,154.3 1 1
monera-digital/internal/services/auth.go:154.8,154.23 1 1
monera-digital/internal/services/auth.go:154.23,156.3 1 1
monera-digital/internal/services/auth.go:159.2,159.60 1 1
monera-digital/internal/services/auth.go:159.60,161.3 1 1
monera-digital/internal/services/auth.go:164.2,165.16 2 1
monera-digital/internal/services/auth.go:165.16,167.3 1 0
monera-digital/internal/services/auth.go:169.2,178.8 2 1
monera-digital/internal/services/auth.go:182.91,185.16 2 0
monera-digital/internal/services/auth.go:185.16,187.3 1 0
monera-digital/internal/services/auth.go:190.2,191.16 2 0
monera-digital/internal/services/auth.go:191.16,193.3 1 0
monera-digital/internal/services/auth.go:194.2,194.12 1 0
monera-digital/internal/services/auth.go:194.12,196.3 1 0
monera-digital/internal/services/auth.go:199.2,200.16 2 0
monera-digital/internal/services/auth.go:200.16,202.3 1 0
monera-digital/internal/services/auth.go:204.2,213.8 2 0
monera-digital/internal/services/auth.go:217.75,220.16 2 1
monera-digital/internal/services/auth.go:220.16,222.3 1 1
monera-digital/internal/services/auth.go:225.2,225.27 1 1
monera-digital/internal/services/auth.go:225.27,227.3 1 1
monera-digital/internal/services/auth.go:230.2,231.16 2 1
monera-digital/internal/services/auth.go:231.16,233.3 1 0
monera-digital/internal/services/auth.go:235.2,244.8 2 1
monera-digital/internal/services/auth.go:248.73,249.31 1 0
monera-digital/internal/services/auth.go:249.31,251.3 1 0
monera-digital/internal/services/auth.go:252.2,252.49 1 0
monera-digital/internal/services/auth.go:256.69,260.16 4 1
monera-digital/internal/services/auth.go:260.16,261.27 1 1
monera-digital/internal/services/auth.go:261.27,263.4 1 1
monera-digital/internal/services/auth.go:264.3,264.18 1 1
monera-digital/internal/services/auth.go:266.2,266.19 1 1
monera-digital/internal/services/auth_refresh.go:13.84,16.102 2 0
monera-digital/internal/services/auth_refresh.go:16.102,18.3 1 0
monera-digital/internal/services/auth_refresh.go:20.2,20.32 1 0
monera-digital/internal/services/auth_refresh.go:20.32,22.3 1 0
monera-digital/internal/services/auth_refresh.go:25.2,25.35 1 0
monera-digital/internal/services/auth_refresh.go:25.35,27.3 1 0
monera-digital/internal/services/auth_refresh.go:30.2,30.77 1 0
monera-digital/internal/services/auth_refresh.go:30.77,32.3 1 0
monera-digital/internal/services/auth_refresh.go:35.2,36.16 2 0
monera-digital/internal/services/auth_refresh.go:36.16,38.3 1 0
monera-digital/internal/services/auth_refresh.go:41.2,42.16 2 0
monera-digital/internal/services/auth_refresh.go:42.16,44.3 1 0
monera-digital/internal/services/auth_refresh.go:47.2,47.29 1 0
monera-digital/internal/services/auth_refresh.go:47.29,49.3 1 0
monera-digital/internal/services/auth_refresh.go:51.2,57.8 1 0
monera-digital/internal/services/auth_refresh.go:61.85,75.2 5 0
monera-digital/internal/services/auth_refresh.go:78.86,92.2 5 0
monera-digital/internal/services/auth_refresh.go:95.50,96.29 1 0
monera-digital/internal/services/auth_refresh.go:96.29,98.3 1 0
monera-digital/internal/services/auth_refresh.go:101.2,102.91 2 0
monera-digital/internal/services/auth_refresh.go:102.91,104.3 1 0
monera-digital/internal/services/auth_refresh.go:106.2,106.16 1 0
monera-digital/internal/services/auth_refresh.go:106.16,110.3 2 0
monera-digital/internal/services/auth_refresh.go:113.2,114.12 2 0
monera-digital/internal/services/deposit.go:13.65,15.2 1 1
monera-digital/internal/services/deposit.go:17.124,19.2 1 1
monera-digital/internal/services/deposit.go:21.99,28.2 1 0
monera-digital/internal/services/encryption_service.go:25.60,28.21 2 1
monera-digital/internal/services/encryption_service.go:28.21,30.3 1 1
monera-digital/internal/services/encryption_service.go:33.2,33.26 1 1
monera-digital/internal/services/encryption_service.go:33.26,36.17 2 1
monera-digital/internal/services/encryption_service.go:36.17,38.4 1 1
monera-digital/internal/services/encryption_service.go:39.3,39.30 1 1
monera-digital/internal/services/encryption_service.go:39.30,41.4 1 0
monera-digital/internal/services/encryption_service.go:42.3,42.35 1 1
monera-digital/internal/services/encryption_service.go:45.2,45.26 1 1
monera-digital/internal/services/encryption_service.go:45.26,48.3 1 1
monera-digital/internal/services/encryption_service.go:51.2,51.131 1 1
monera-digital/internal/services/encryption_service.go:56.67,58.25 2 1
monera-digital/internal/services/encryption_service.go:58.25,60.3 1 1
monera-digital/internal/services/encryption_service.go:61.2,61.47 1 1
monera-digital/internal/services/encryption_service.go:65.71,67.16 2 1
monera-digital/internal/services/encryption_service.go:67.16,69.3 1 0
monera-digital/internal/services/encryption_service.go:71.2,72.16 2 1
monera-digital/internal/services/encryption_service.go:72.16,74.3 1 0
monera-digital/internal/services/encryption_service.go:76.2,77.59 2 1
monera-digital/internal/services/encryption_service.go:77.59,79.3 1 0
monera-digital/internal/services/encryption_service.go:81.2,82.59 2 1
monera-digital/internal/services/encryption_service.go:86.72,88.16 2 1
monera-digital/internal/services/encryption_service.go:88.16,90.3 1 1
monera-digital/internal/services/encryption_service.go:92.2,93.16 2 1
monera-digital/internal/services/encryption_service.go:93.16,95.3 1 0
monera-digital/internal/services/encryption_service.go:97.2,98.16 2 1
monera-digital/internal/services/encryption_service.go:98.16,100.3 1 0
monera-digital/internal/services/encryption_service.go:102.2,103.27 2 1
monera-digital/internal/services/encryption_service.go:103.27,105.3 1 1
monera-digital/internal/services/encryption_service.go:107.2,109.16 3 1
monera-digital/internal/services/encryption_service.go:109.16,111.3 1 1
monera-digital/internal/services/encryption_service.go:113.2,113.31 1 1
monera-digital/internal/services/lending.go:15.52,17.2 1 0
monera-digital/internal/services/lending.go:19.78,29.13 3 1
monera-digital/internal/services/lending.go:29.13,31.3 1 1
monera-digital/internal/services/lending.go:33.2,34.25 2 1
monera-digital/internal/services/lending.go:34.25,36.3 1 1
monera-digital/internal/services/lending.go:36.8,36.32 1 1
monera-digital/internal/services/lending.go:36.32,38.3 1 1
monera-digital/internal/services/lending.go:38.8,38.31 1 1
monera-digital/internal/services/lending.go:38.31,40.3 1 1
monera-digital/internal/services/lending.go:42.2,43.33 2 1
monera-digital/internal/services/lending.go:46.119,64.16 7 0
monera-digital/internal/services/lending.go:64.16,66.3 1 0
monera-digital/internal/services/lending.go:68.2,68.23 1 0
monera-digital/internal/services/lending.go:71.89,80.16 3 0
monera-digital/internal/services/lending.go:80.16,82.3 1 0
monera-digital/internal/services/lending.go:83.2,86.18 3 0
monera-digital/internal/services/lending.go:86.18,93.17 3 0
monera-digital/internal/services/lending.go:93.17,95.4 1 0
monera-digital/internal/services/lending.go:96.3,96.42 1 0
monera-digital/internal/services/lending.go:99.2,99.23 1 0
monera-digital/internal/services/lending.go:102.97,104.2 1 1
monera-digital/internal/services/safeheron_service.go:11.46,13.2 1 0
monera-digital/internal/services/safeheron_service.go:21.128,29.2 1 0
monera-digital/internal/services/twofa_service.go:40.87,45.2 1 0
monera-digital/internal/services/twofa_service.go:52.53,57.2 1 0
monera-digital/internal/services/twofa_service.go:60.84,69.16 2 0
monera-digital/internal/services/twofa_service.go:69.16,71.3 1 0
monera-digital/internal/services/twofa_service.go:74.2,75.29 2 0
monera-digital/internal/services/twofa_service.go:75.29,79.3 3 0
monera-digital/internal/services/twofa_service.go:82.2,83.16 2 0
monera-digital/internal/services/twofa_service.go:83.16,85.3 1 0
monera-digital/internal/services/twofa_service.go:86.2,87.16 2 0
monera-digital/internal/services/twofa_service.go:87.16,89.3 1 0
monera-digital/internal/services/twofa_service.go:91.2,97.16 3 0
monera-digital/internal/services/twofa_service.go:97.16,99.3 1 0
monera-digital/internal/services/twofa_service.go:101.2,106.8 1 0
monera-digital/internal/services/twofa_service.go:110.67,112.16 2 0
monera-digital/internal/services/twofa_service.go:112.16,114.3 1 0
monera-digital/internal/services/twofa_service.go:116.2,117.12 2 0
monera-digital/internal/services/twofa_service.go:117.12,119.3 1 0
monera-digital/internal/services/twofa_service.go:121.2,123.12 3 0
monera-digital/internal/services/twofa_service.go:127.68,129.16 2 0
monera-digital/internal/services/twofa_service.go:129.16,131.3 1 0
monera-digital/internal/services/twofa_service.go:132.2,132.12 1 0
monera-digital/internal/services/twofa_service.go:132.12,134.3 1 0
monera-digital/internal/services/twofa_service.go:136.2,141.12 3 0
monera-digital/internal/services/twofa_service.go:145.75,147.16 2 0
monera-digital/internal/services/twofa_service.go:147.16,149.3 1 0
monera-digital/internal/services/twofa_service.go:152.2,152.34 1 0
monera-digital/internal/services/twofa_service.go:152.34,154.3 1 0
monera-digital/internal/services/twofa_service.go:157.2,158.16 2 0
monera-digital/internal/services/twofa_service.go:158.16,160.3 1 0
monera-digital/internal/services/twofa_service.go:162.2,162.35 1 0
monera-digital/internal/services/twofa_service.go:162.35,163.20 1 0
monera-digital/internal/services/twofa_service.go:163.20,167.18 3 0
monera-digital/internal/services/twofa_service.go:167.18,169.5 1 0
monera-digital/internal/services/twofa_service.go:171.4,173.18 3 0
monera-digital/internal/services/twofa_service.go:173.18,175.5 1 0
monera-digital/internal/services/twofa_service.go:176.4,176.20 1 0
monera-digital/internal/services/twofa_service.go:180.2,180.19 1 0
monera-digital/internal/services/twofa_service.go:184.64,189.2 4 0
monera-digital/internal/services/twofa_service.go:192.66,196.26 4 0
monera-digital/internal/services/twofa_service.go:196.26,198.3 1 0
monera-digital/internal/services/twofa_service.go:199.2,199.16 1 0
monera-digital/internal/services/twofa_service.go:199.16,201.3 1 0
monera-digital/internal/services/twofa_service.go:202.2,202.60 1 0
monera-digital/internal/services/twofa_service.go:202.60,204.3 1 0
monera-digital/internal/services/twofa_service.go:205.2,206.16 2 0
monera-digital/internal/services/twofa_service.go:206.16,208.3 1 0
monera-digital/internal/services/twofa_service.go:209.2,209.20 1 0
monera-digital/internal/services/twofa_service.go:213.73,217.26 4 0
monera-digital/internal/services/twofa_service.go:217.26,219.3 1 0
monera-digital/internal/services/twofa_service.go:220.2,220.16 1 0
monera-digital/internal/services/twofa_service.go:220.16,222.3 1 0
monera-digital/internal/services/twofa_service.go:223.2,223.58 1 0
monera-digital/internal/services/twofa_service.go:223.58,225.3 1 0
monera-digital/internal/services/twofa_service.go:227.2,228.78 2 0
monera-digital/internal/services/twofa_service.go:228.78,230.3 1 0
monera-digital/internal/services/twofa_service.go:231.2,231.19 1 0
monera-digital/internal/services/twofa_service.go:235.93,238.16 2 0
monera-digital/internal/services/twofa_service.go:238.16,240.3 1 0
monera-digital/internal/services/twofa_service.go:241.2,241.12 1 0
monera-digital/internal/services/twofa_service.go:241.12,243.3 1 0
monera-digital/internal/services/twofa_service.go:246.2,250.16 5 0
monera-digital/internal/services/twofa_service.go:250.16,252.3 1 0
monera-digital/internal/services/twofa_service.go:255.2,260.8 1 0
monera-digital/internal/services/twofa_service.go:265.55,267.2 1 0
monera-digital/internal/services/wallet.go:25.108,27.2 1 1
monera-digital/internal/services/wallet.go:30.140,33.16 2 1
monera-digital/internal/services/wallet.go:33.16,35.3 1 0
monera-digital/internal/services/wallet.go:36.2,36.78 1 1
monera-digital/internal/services/wallet.go:36.78,38.3 1 1
monera-digital/internal/services/wallet.go:40.2,49.16 4 1
monera-digital/internal/services/wallet.go:49.16,52.3 2 0
monera-digital/internal/services/wallet.go:53.2,55.28 2 1
monera-digital/internal/services/wallet.go:55.28,59.3 3 0
monera-digital/internal/services/wallet.go:61.2,66.16 2 1
monera-digital/internal/services/wallet.go:66.16,70.3 3 0
monera-digital/internal/services/wallet.go:72.2,77.31 5 1
monera-digital/internal/services/wallet.go:77.31,80.3 2 1
monera-digital/internal/services/wallet.go:81.2,83.58 2 1
monera-digital/internal/services/wallet.go:83.58,85.3 1 0
monera-digital/internal/services/wallet.go:88.2,96.17 2 1
monera-digital/internal/services/wallet.go:96.17,98.3 1 1
monera-digital/internal/services/wallet.go:99.2,99.65 1 1
monera-digital/internal/services/wallet.go:99.65,102.3 1 0
monera-digital/internal/services/wallet.go:104.2,104.20 1 1
monera-digital/internal/services/wallet.go:109.53,117.36 3 1
monera-digital/internal/services/wallet.go:117.36,119.3 1 1
monera-digital/internal/services/wallet.go:121.2,121.20 1 1
monera-digital/internal/services/wallet.go:124.111,127.16 2 0
monera-digital/internal/services/wallet.go:127.16,129.3 1 0
monera-digital/internal/services/wallet.go:132.2,132.14 1 0
monera-digital/internal/services/wallet.go:132.14,134.17 2 0
monera-digital/internal/services/wallet.go:134.17,136.4 1 0
monera-digital/internal/services/wallet.go:137.3,137.17 1 0
monera-digital/internal/services/wallet.go:137.17,139.4 1 0
monera-digital/internal/services/wallet.go:140.3,140.18 1 0
monera-digital/internal/services/wallet.go:144.2,145.16 2 0
monera-digital/internal/services/wallet.go:145.16,147.3 1 0
monera-digital/internal/services/wallet.go:149.2,149.26 1 0
monera-digital/internal/services/wallet.go:149.26,152.52 2 0
monera-digital/internal/services/wallet.go:152.52,153.81 1 0
monera-digital/internal/services/wallet.go:153.81,155.5 1 0
monera-digital/internal/services/wallet.go:159.3,159.34 1 0
monera-digital/internal/services/wallet.go:159.34,160.24 1 0
monera-digital/internal/services/wallet.go:160.24,162.5 1 0
monera-digital/internal/services/wallet.go:166.3,167.75 2 0
monera-digital/internal/services/wallet.go:170.2,170.15 1 0
monera-digital/internal/services/wallet.go:180.120,183.16 2 1
monera-digital/internal/services/wallet.go:183.16,185.3 1 0
monera-digital/internal/services/wallet.go:188.2,188.19 1 1
monera-digital/internal/services/wallet.go:188.19,190.17 2 1
monera-digital/internal/services/wallet.go:190.17,192.4 1 0
monera-digital/internal/services/wallet.go:193.3,193.24 1 1
monera-digital/internal/services/wallet.go:193.24,195.4 1 1
monera-digital/internal/services/wallet.go:198.2,198.19 1 1
monera-digital/internal/services/wallet.go:198.19,200.3 1 1
monera-digital/internal/services/wallet.go:203.2,204.22 2 1
monera-digital/internal/services/wallet.go:204.22,206.3 1 0
monera-digital/internal/services/wallet.go:209.2,210.16 2 1
monera-digital/internal/services/wallet.go:210.16,212.3 1 0
monera-digital/internal/services/wallet.go:213.2,213.27 1 1
monera-digital/internal/services/wallet.go:213.27,216.3 2 1
monera-digital/internal/services/wallet.go:219.2,219.28 1 1
monera-digital/internal/services/wallet.go:219.28,221.3 1 0
monera-digital/internal/services/wallet.go:224.2,225.23 2 1
monera-digital/internal/services/wallet.go:225.23,227.3 1 1
monera-digital/internal/services/wallet.go:229.2,234.16 2 1
monera-digital/internal/services/wallet.go:234.16,236.3 1 1
monera-digital/internal/services/wallet.go:238.2,251.33 3 1
monera-digital/internal/services/wallet.go:251.33,253.3 1 1
monera-digital/internal/services/wallet.go:254.2,254.32 1 1
monera-digital/internal/services/wallet.go:254.32,256.3 1 1
monera-digital/internal/services/wallet.go:257.2,257.28 1 1
monera-digital/internal/services/wallet.go:257.28,259.3 1 1
monera-digital/internal/services/wallet.go:262.2,263.16 2 1
monera-digital/internal/services/wallet.go:263.16,265.3 1 1
monera-digital/internal/services/wallet.go:267.2,267.20 1 1
monera-digital/internal/services/wallet.go:271.137,272.28 1 0
monera-digital/internal/services/wallet.go:272.28,274.3 1 0
monera-digital/internal/services/wallet.go:276.2,278.4 1 0
monera-digital/internal/services/wallet.go:283.136,285.28 1 0
monera-digital/internal/services/wallet.go:285.28,291.17 2 0
monera-digital/internal/services/wallet.go:291.17,297.4 1 0
monera-digital/internal/services/wallet.go:299.3,299.98 1 0
monera-digital/internal/services/wallet.go:303.2,304.16 2 0
monera-digital/internal/services/wallet.go:304.16,306.3 1 0
monera-digital/internal/services/wallet.go:307.2,307.19 1 0
monera-digital/internal/services/wallet.go:307.19,309.3 1 0
monera-digital/internal/services/wallet.go:312.2,313.61 2 0
monera-digital/internal/services/wallet.go:313.61,315.85 2 0
monera-digital/internal/services/wallet.go:315.85,317.4 1 0
monera-digital/internal/services/wallet.go:317.9,321.21 2 0
monera-digital/internal/services/wallet.go:321.21,322.33 1 0
monera-digital/internal/services/wallet.go:322.33,324.11 2 0
monera-digital/internal/services/wallet.go:331.2,331.74 1 0
monera-digital/internal/services/wallet.go:331.74,333.3 1 0
monera-digital/internal/services/wallet.go:335.2,335.19 1 0
monera-digital/internal/services/wallet.go:335.19,337.3 1 0
monera-digital/internal/services/wallet.go:339.2,341.8 1 0
monera-digital/internal/services/wallet.go:352.86,363.2 2 1
monera-digital/internal/services/wealth.go:38.134,46.2 1 1
monera-digital/internal/services/wealth.go:49.57,50.22 1 1
monera-digital/internal/services/wealth.go:50.22,52.3 1 1
monera-digital/internal/services/wealth.go:53.2,53.18 1 1
monera-digital/internal/services/wealth.go:57.99,59.2 1 1
monera-digital/internal/services/wealth.go:62.59,63.20 1 1
monera-digital/internal/services/wealth.go:63.20,65.3 1 0
monera-digital/internal/services/wealth.go:66.2,67.14 2 1
monera-digital/internal/services/wealth.go:71.47,73.2 1 1
monera-digital/internal/services/wealth.go:83.86,85.16 2 1
monera-digital/internal/services/wealth.go:85.16,87.3 1 0
monera-digital/internal/services/wealth.go:89.2,90.29 2 1
monera-digital/internal/services/wealth.go:90.29,91.74 1 1
monera-digital/internal/services/wealth.go:91.74,93.4 1 0
monera-digital/internal/services/wealth.go:95.2,98.29 3 1
monera-digital/internal/services/wealth.go:98.29,103.74 4 1
monera-digital/internal/services/wealth.go:103.74,105.4 1 1
monera-digital/internal/services/wealth.go:105.9,105.49 1 0
monera-digital/internal/services/wealth.go:105.49,107.4 1 0
monera-digital/internal/services/wealth.go:109.3,115.5 1 1
monera-digital/internal/services/wealth.go:117.2,117.20 1 1
monera-digital/internal/services/wealth.go:120.42,124.17 3 1
monera-digital/internal/services/wealth.go:124.17,126.3 1 0
monera-digital/internal/services/wealth.go:127.2,127.17 1 1
monera-digital/internal/services/wealth.go:127.17,129.3 1 0
monera-digital/internal/services/wealth.go:131.2,132.14 2 1
monera-digital/internal/services/wealth.go:132.14,134.3 1 0
monera-digital/internal/services/wealth.go:136.2,136.47 1 1
monera-digital/internal/services/wealth.go:167.105,169.16 2 1
monera-digital/internal/services/wealth.go:169.16,171.3 1 0
monera-digital/internal/services/wealth.go:173.2,175.14 2 1
monera-digital/internal/services/wealth.go:175.14,177.3 1 0
monera-digital/internal/services/wealth.go:178.2,178.18 1 1
monera-digital/internal/services/wealth.go:178.18,180.3 1 0
monera-digital/internal/services/wealth.go:182.2,184.28 3 1
monera-digital/internal/services/wealth.go:184.28,186.3 1 0
monera-digital/internal/services/wealth.go:187.2,187.25 1 1
monera-digital/internal/services/wealth.go:187.25,189.3 1 1
monera-digital/internal/services/wealth.go:191.2,192.40 2 1
monera-digital/internal/services/wealth.go:192.40,205.3 2 1
monera-digital/internal/services/wealth.go:206.2,206.27 1 1
monera-digital/internal/services/wealth.go:209.132,214.15 4 1
monera-digital/internal/services/wealth.go:214.15,217.3 2 1
monera-digital/internal/services/wealth.go:219.2,219.40 1 1
monera-digital/internal/services/wealth.go:219.40,221.3 1 0
monera-digital/internal/services/wealth.go:223.2,224.16 2 1
monera-digital/internal/services/wealth.go:224.16,226.3 1 1
monera-digital/internal/services/wealth.go:228.2,228.25 1 1
monera-digital/internal/services/wealth.go:228.25,230.3 1 0
monera-digital/internal/services/wealth.go:232.2,233.20 2 1
monera-digital/internal/services/wealth.go:233.20,235.3 1 0
monera-digital/internal/services/wealth.go:237.2,238.27 2 1
monera-digital/internal/services/wealth.go:238.27,240.3 1 0
monera-digital/internal/services/wealth.go:242.2,243.27 2 1
monera-digital/internal/services/wealth.go:243.27,245.3 1 0
monera-digital/internal/services/wealth.go:247.2,249.38 3 1
monera-digital/internal/services/wealth.go:249.38,251.3 1 0
monera-digital/internal/services/wealth.go:253.2,254.16 2 1
monera-digital/internal/services/wealth.go:254.16,256.3 1 0
monera-digital/internal/services/wealth.go:258.2,261.34 4 1
monera-digital/internal/services/wealth.go:261.34,263.3 1 1
monera-digital/internal/services/wealth.go:265.2,266.16 2 0
monera-digital/internal/services/wealth.go:266.16,268.3 1 0
monera-digital/internal/services/wealth.go:270.2,299.16 10 0
monera-digital/internal/services/wealth.go:299.16,302.3 2 0
monera-digital/internal/services/wealth.go:304.2,305.16 2 0
monera-digital/internal/services/wealth.go:305.16,307.3 1 0
monera-digital/internal/services/wealth.go:309.2,323.16 5 0
monera-digital/internal/services/wealth.go:323.16,326.3 2 0
monera-digital/internal/services/wealth.go:328.2,328.30 1 0
monera-digital/internal/services/wealth.go:331.113,333.16 2 1
monera-digital/internal/services/wealth.go:333.16,335.3 1 0
monera-digital/internal/services/wealth.go:337.2,339.14 2 1
monera-digital/internal/services/wealth.go:339.14,341.3 1 0
monera-digital/internal/services/wealth.go:342.2,342.18 1 1
monera-digital/internal/services/wealth.go:342.18,344.3 1 0
monera-digital/internal/services/wealth.go:346.2,348.26 3 1
monera-digital/internal/services/wealth.go:348.26,350.3 1 0
monera-digital/internal/services/wealth.go:351.2,351.23 1 1
monera-digital/internal/services/wealth.go:351.23,353.3 1 1
monera-digital/internal/services/wealth.go:355.2,356.38 2 1
monera-digital/internal/services/wealth.go:356.38,371.3 1 1
monera-digital/internal/services/wealth.go:372.2,372.27 1 1
monera-digital/internal/services/wealth.go:375.109,378.16 3 1
monera-digital/internal/services/wealth.go:378.16,381.3 2 1
monera-digital/internal/services/wealth.go:382.2,384.35 2 1
monera-digital/internal/services/wealth.go:384.35,386.3 1 0
monera-digital/internal/services/wealth.go:388.2,388.23 1 1
monera-digital/internal/services/wealth.go:388.23,390.3 1 1
monera-digital/internal/services/wealth.go:392.2,396.16 4 1
monera-digital/internal/services/wealth.go:396.16,398.3 1 1
monera-digital/internal/services/wealth.go:400.2,401.12 2 1
monera-digital/internal/services/wealth.go:401.12,403.17 2 1
monera-digital/internal/services/wealth.go:403.17,405.4 1 0
monera-digital/internal/services/wealth.go:407.3,408.17 2 1
monera-digital/internal/services/wealth.go:408.17,410.4 1 0
monera-digital/internal/services/wealth.go:412.3,416.16 4 1
monera-digital/internal/services/wealth.go:416.16,418.27 2 1
monera-digital/internal/services/wealth.go:418.27,420.19 2 1
monera-digital/internal/services/wealth.go:420.19,422.6 1 0
monera-digital/internal/services/wealth.go:424.5,438.19 5 1
monera-digital/internal/services/wealth.go:438.19,440.6 1 0
monera-digital/internal/services/wealth.go:442.5,453.19 3 1
monera-digital/internal/services/wealth.go:453.19,455.6 1 0
monera-digital/internal/services/wealth.go:457.5,459.106 3 1
monera-digital/internal/services/wealth.go:460.10,474.19 5 0
monera-digital/internal/services/wealth.go:474.19,476.6 1 0
monera-digital/internal/services/wealth.go:478.9,493.18 6 1
monera-digital/internal/services/wealth.go:493.18,495.5 1 0
monera-digital/internal/services/wealth.go:499.2,499.39 1 1
monera-digital/internal/services/withdrawal_service.go:26.116,32.2 1 1
monera-digital/internal/services/withdrawal_service.go:35.148,38.16 2 1
monera-digital/internal/services/withdrawal_service.go:38.16,40.3 1 1
monera-digital/internal/services/withdrawal_service.go:43.2,52.16 3 1
monera-digital/internal/services/withdrawal_service.go:52.16,54.98 1 0
monera-digital/internal/services/withdrawal_service.go:54.98,56.4 1 0
monera-digital/internal/services/withdrawal_service.go:57.3,57.54 1 0
monera-digital/internal/services/withdrawal_service.go:61.2,63.18 3 1
monera-digital/internal/services/withdrawal_service.go:63.18,65.3 1 0
monera-digital/internal/services/withdrawal_service.go:67.2,67.26 1 1
monera-digital/internal/services/withdrawal_service.go:71.251,73.16 2 1
monera-digital/internal/services/withdrawal_service.go:73.16,75.3 1 0
monera-digital/internal/services/withdrawal_service.go:76.2,76.15 1 1
monera-digital/internal/services/withdrawal_service.go:76.15,77.17 1 1
monera-digital/internal/services/withdrawal_service.go:77.17,79.4 1 0
monera-digital/internal/services/withdrawal_service.go:85.2,88.16 2 1
monera-digital/internal/services/withdrawal_service.go:88.16,90.3 1 0
monera-digital/internal/services/withdrawal_service.go:93.2,96.16 2 1
monera-digital/internal/services/withdrawal_service.go:96.16,98.3 1 0
monera-digital/internal/services/withdrawal_service.go:99.2,100.15 2 1
monera-digital/internal/services/withdrawal_service.go:100.15,102.3 1 0
monera-digital/internal/services/withdrawal_service.go:105.2,130.16 3 1
monera-digital/internal/services/withdrawal_service.go:130.16,132.3 1 0
monera-digital/internal/services/withdrawal_service.go:135.2,135.35 1 1
monera-digital/internal/services/withdrawal_service.go:135.35,137.3 1 0
monera-digital/internal/services/withdrawal_service.go:139.2,140.12 2 1
monera-digital/internal/services/withdrawal_service.go:144.168,147.31 2 1
monera-digital/internal/services/withdrawal_service.go:147.31,149.3 1 0
monera-digital/internal/services/withdrawal_service.go:152.2,153.16 2 1
monera-digital/internal/services/withdrawal_service.go:153.16,154.36 1 0
monera-digital/internal/services/withdrawal_service.go:154.36,156.4 1 0
monera-digital/internal/services/withdrawal_service.go:157.3,157.21 1 0
monera-digital/internal/services/withdrawal_service.go:161.2,162.24 2 1
monera-digital/internal/services/withdrawal_service.go:162.24,164.3 1 1
monera-digital/internal/services/withdrawal_service.go:167.2,168.16 2 1
monera-digital/internal/services/withdrawal_service.go:168.16,170.3 1 0
monera-digital/internal/services/withdrawal_service.go:171.2,171.30 1 1
monera-digital/internal/services/withdrawal_service.go:171.30,173.3 1 0
monera-digital/internal/services/withdrawal_service.go:175.2,175.29 1 1
monera-digital/internal/services/withdrawal_service.go:179.118,181.2 1 0
monera-digital/internal/services/withdrawal_service.go:183.121,185.16 2 0
monera-digital/internal/services/withdrawal_service.go:185.16,187.3 1 0
monera-digital/internal/services/withdrawal_service.go:188.2,188.28 1 0
monera-digital/internal/services/withdrawal_service.go:188.28,190.3 1 0
monera-digital/internal/services/withdrawal_service.go:191.2,191.19 1 0
monera-digital/internal/services/withdrawal_service.go:194.115,201.20 2 0
monera-digital/internal/services/withdrawal_service.go:201.20,203.3 1 0
monera-digital/internal/services/withdrawal_service.go:206.2,207.13 2 0
monera-digital/internal/services/withdrawal_service.go:207.14,209.3 0 0
monera-digital/internal/services/withdrawal_service.go:212.2,213.18 2 0
monera-digital/internal/services/withdrawal_service.go:213.18,215.3 1 0
monera-digital/internal/services/withdrawal_service.go:217.2,217.55 1 0
